0 info it worked if it ends with ok
1 verbose cli [ '/usr/bin/node', '/usr/bin/npm', 'install' ]
2 info using npm@3.5.2
3 info using node@v8.10.0
4 silly loadCurrentTree Starting
5 silly install loadCurrentTree
6 silly install readLocalPackageData
7 silly install normalizeTree
8 silly loadCurrentTree Finishing
9 silly loadIdealTree Starting
10 silly install loadIdealTree
11 silly cloneCurrentTree Starting
12 silly install cloneCurrentTreeToIdealTree
13 silly cloneCurrentTree Finishing
14 silly loadShrinkwrap Starting
15 silly install loadShrinkwrap
16 silly loadShrinkwrap Finishing
17 silly loadAllDepsIntoIdealTree Starting
18 silly install loadAllDepsIntoIdealTree
19 silly fetchNamedPackageData express-session
20 silly mapToRegistry name express-session
21 silly mapToRegistry using default registry
22 silly mapToRegistry registry https://registry.npmjs.org/
23 silly mapToRegistry uri https://registry.npmjs.org/express-session
24 silly fetchNamedPackageData socket.io
25 silly mapToRegistry name socket.io
26 silly mapToRegistry using default registry
27 silly mapToRegistry registry https://registry.npmjs.org/
28 silly mapToRegistry uri https://registry.npmjs.org/socket.io
29 silly fetchNamedPackageData validator
30 silly mapToRegistry name validator
31 silly mapToRegistry using default registry
32 silly mapToRegistry registry https://registry.npmjs.org/
33 silly mapToRegistry uri https://registry.npmjs.org/validator
34 verbose request uri https://registry.npmjs.org/express-session
35 verbose request no auth needed
36 info attempt registry request try #1 at 20:48:26
37 verbose request id e11c30e5218a6a7a
38 http request GET https://registry.npmjs.org/express-session
39 verbose request uri https://registry.npmjs.org/socket.io
40 verbose request no auth needed
41 info attempt registry request try #1 at 20:48:26
42 http request GET https://registry.npmjs.org/socket.io
43 verbose request uri https://registry.npmjs.org/validator
44 verbose request no auth needed
45 info attempt registry request try #1 at 20:48:26
46 http request GET https://registry.npmjs.org/validator
47 http 200 https://registry.npmjs.org/express-session
48 verbose headers { date: 'Sun, 29 Dec 2019 19:48:27 GMT',
48 verbose headers   'content-type': 'application/json',
48 verbose headers   'transfer-encoding': 'chunked',
48 verbose headers   connection: 'keep-alive',
48 verbose headers   'set-cookie':
48 verbose headers    [ '__cfduid=d0533fda709a4309f02eb0390468ed5081577648907; expires=Tue, 28-Jan-20 19:48:27 GMT; path=/; domain=.npmjs.org; HttpOnly; SameSite=Lax' ],
48 verbose headers   'cf-ray': '54ce4aa7f967d669-MAD',
48 verbose headers   age: '5066',
48 verbose headers   'cache-control': 'public, max-age=300',
48 verbose headers   etag: 'W/"9f3f729f3bd181780180c87e5df441e6"',
48 verbose headers   'last-modified': 'Fri, 11 Oct 2019 03:08:59 GMT',
48 verbose headers   vary: 'accept-encoding, accept',
48 verbose headers   'cf-cache-status': 'HIT',
48 verbose headers   'expect-ct': 'max-age=604800, report-uri="https://report-uri.cloudflare.com/cdn-cgi/beacon/expect-ct"',
48 verbose headers   server: 'cloudflare',
48 verbose headers   'content-encoding': 'gzip' }
49 silly get cb [ 200,
49 silly get   { date: 'Sun, 29 Dec 2019 19:48:27 GMT',
49 silly get     'content-type': 'application/json',
49 silly get     'transfer-encoding': 'chunked',
49 silly get     connection: 'keep-alive',
49 silly get     'set-cookie':
49 silly get      [ '__cfduid=d0533fda709a4309f02eb0390468ed5081577648907; expires=Tue, 28-Jan-20 19:48:27 GMT; path=/; domain=.npmjs.org; HttpOnly; SameSite=Lax' ],
49 silly get     'cf-ray': '54ce4aa7f967d669-MAD',
49 silly get     age: '5066',
49 silly get     'cache-control': 'public, max-age=300',
49 silly get     etag: 'W/"9f3f729f3bd181780180c87e5df441e6"',
49 silly get     'last-modified': 'Fri, 11 Oct 2019 03:08:59 GMT',
49 silly get     vary: 'accept-encoding, accept',
49 silly get     'cf-cache-status': 'HIT',
49 silly get     'expect-ct': 'max-age=604800, report-uri="https://report-uri.cloudflare.com/cdn-cgi/beacon/expect-ct"',
49 silly get     server: 'cloudflare',
49 silly get     'content-encoding': 'gzip' } ]
50 verbose get saving express-session to /home/sana/.npm/registry.npmjs.org/express-session/.cache.json
51 silly resolveWithNewModule express-session@1.17.0 checking installable status
52 silly cache add args [ 'express-session@^1.17.0', null ]
53 verbose cache add spec express-session@^1.17.0
54 silly cache add parsed spec Result {
54 silly cache add   raw: 'express-session@^1.17.0',
54 silly cache add   scope: null,
54 silly cache add   name: 'express-session',
54 silly cache add   rawSpec: '^1.17.0',
54 silly cache add   spec: '>=1.17.0 <2.0.0',
54 silly cache add   type: 'range' }
55 silly addNamed express-session@>=1.17.0 <2.0.0
56 verbose addNamed ">=1.17.0 <2.0.0" is a valid semver range for express-session
57 silly addNameRange { name: 'express-session',
57 silly addNameRange   range: '>=1.17.0 <2.0.0',
57 silly addNameRange   hasData: false }
58 silly mapToRegistry name express-session
59 silly mapToRegistry using default registry
60 silly mapToRegistry registry https://registry.npmjs.org/
61 silly mapToRegistry uri https://registry.npmjs.org/express-session
62 verbose addNameRange registry:https://registry.npmjs.org/express-session not in flight; fetching
63 verbose get https://registry.npmjs.org/express-session not expired, no request
64 silly addNameRange number 2 { name: 'express-session',
64 silly addNameRange   range: '>=1.17.0 <2.0.0',
64 silly addNameRange   hasData: true }
65 silly addNameRange versions [ 'express-session',
65 silly addNameRange   [ '1.0.0',
65 silly addNameRange     '1.0.1',
65 silly addNameRange     '1.0.2',
65 silly addNameRange     '1.0.3',
65 silly addNameRange     '1.0.4',
65 silly addNameRange     '1.1.0',
65 silly addNameRange     '1.2.0',
65 silly addNameRange     '1.2.1',
65 silly addNameRange     '1.3.0',
65 silly addNameRange     '1.3.1',
65 silly addNameRange     '1.4.0',
65 silly addNameRange     '1.5.0',
65 silly addNameRange     '1.5.1',
65 silly addNameRange     '1.5.2',
65 silly addNameRange     '1.6.0',
65 silly addNameRange     '1.6.1',
65 silly addNameRange     '1.6.2',
65 silly addNameRange     '1.6.3',
65 silly addNameRange     '1.6.4',
65 silly addNameRange     '1.6.5',
65 silly addNameRange     '1.7.0',
65 silly addNameRange     '1.7.1',
65 silly addNameRange     '1.7.2',
65 silly addNameRange     '1.7.3',
65 silly addNameRange     '1.7.4',
65 silly addNameRange     '1.7.5',
65 silly addNameRange     '1.7.6',
65 silly addNameRange     '1.8.0',
65 silly addNameRange     '1.8.1',
65 silly addNameRange     '1.8.2',
65 silly addNameRange     '1.9.0',
65 silly addNameRange     '1.9.1',
65 silly addNameRange     '1.9.2',
65 silly addNameRange     '1.9.3',
65 silly addNameRange     '1.10.0',
65 silly addNameRange     '1.10.1',
65 silly addNameRange     '1.10.2',
65 silly addNameRange     '1.10.3',
65 silly addNameRange     '1.10.4',
65 silly addNameRange     '1.11.0',
65 silly addNameRange     '1.11.1',
65 silly addNameRange     '1.11.2',
65 silly addNameRange     '1.11.3',
65 silly addNameRange     '1.12.0',
65 silly addNameRange     '1.12.1',
65 silly addNameRange     '1.13.0',
65 silly addNameRange     '1.14.0',
65 silly addNameRange     '1.14.1',
65 silly addNameRange     '1.14.2',
65 silly addNameRange     '1.15.0',
65 silly addNameRange     '1.15.1',
65 silly addNameRange     '1.15.2',
65 silly addNameRange     '1.15.3',
65 silly addNameRange     '1.15.4',
65 silly addNameRange     '1.15.5',
65 silly addNameRange     '1.15.6',
65 silly addNameRange     '1.16.0',
65 silly addNameRange     '1.16.1',
65 silly addNameRange     '1.16.2',
65 silly addNameRange     '1.17.0' ] ]
66 silly addNamed express-session@1.17.0
67 verbose addNamed "1.17.0" is a plain semver version for express-session
68 silly mapToRegistry name express-session
69 silly mapToRegistry using default registry
70 silly mapToRegistry registry https://registry.npmjs.org/
71 silly mapToRegistry uri https://registry.npmjs.org/express-session
72 verbose addRemoteTarball https://registry.npmjs.org/express-session/-/express-session-1.17.0.tgz not in flight; adding
73 verbose addRemoteTarball [ 'https://registry.npmjs.org/express-session/-/express-session-1.17.0.tgz',
73 verbose addRemoteTarball   '9b50dbb5e8a03c3537368138f072736150b7f9b3' ]
74 info retry fetch attempt 1 at 20:48:27
75 info attempt registry request try #1 at 20:48:27
76 http fetch GET https://registry.npmjs.org/express-session/-/express-session-1.17.0.tgz
77 http fetch 200 https://registry.npmjs.org/express-session/-/express-session-1.17.0.tgz
78 silly fetchAndShaCheck shasum 9b50dbb5e8a03c3537368138f072736150b7f9b3
79 verbose addTmpTarball /tmp/npm-12151-02d1bb8d/registry.npmjs.org/express-session/-/express-session-1.17.0.tgz not in flight; adding
80 verbose addTmpTarball already have metadata; skipping unpack for express-session@1.17.0
81 silly cache afterAdd express-session@1.17.0
82 verbose afterAdd /home/sana/.npm/express-session/1.17.0/package/package.json not in flight; writing
83 verbose afterAdd /home/sana/.npm/express-session/1.17.0/package/package.json written
84 http 200 https://registry.npmjs.org/validator
85 verbose headers { date: 'Sun, 29 Dec 2019 19:48:27 GMT',
85 verbose headers   'content-type': 'application/json',
85 verbose headers   'transfer-encoding': 'chunked',
85 verbose headers   connection: 'keep-alive',
85 verbose headers   'set-cookie':
85 verbose headers    [ '__cfduid=dcbbae8127f82eab8e401ffb1fe586b4e1577648907; expires=Tue, 28-Jan-20 19:48:27 GMT; path=/; domain=.npmjs.org; HttpOnly; SameSite=Lax' ],
85 verbose headers   'cf-ray': '54ce4aa7fd76d651-MAD',
85 verbose headers   age: '5315',
85 verbose headers   'cache-control': 'public, max-age=300',
85 verbose headers   etag: 'W/"b893cfc0692ace8d66b12c4fb27f9f17"',
85 verbose headers   'last-modified': 'Thu, 21 Nov 2019 05:33:34 GMT',
85 verbose headers   vary: 'accept-encoding, accept',
85 verbose headers   'cf-cache-status': 'HIT',
85 verbose headers   'expect-ct': 'max-age=604800, report-uri="https://report-uri.cloudflare.com/cdn-cgi/beacon/expect-ct"',
85 verbose headers   server: 'cloudflare',
85 verbose headers   'content-encoding': 'gzip' }
86 silly get cb [ 200,
86 silly get   { date: 'Sun, 29 Dec 2019 19:48:27 GMT',
86 silly get     'content-type': 'application/json',
86 silly get     'transfer-encoding': 'chunked',
86 silly get     connection: 'keep-alive',
86 silly get     'set-cookie':
86 silly get      [ '__cfduid=dcbbae8127f82eab8e401ffb1fe586b4e1577648907; expires=Tue, 28-Jan-20 19:48:27 GMT; path=/; domain=.npmjs.org; HttpOnly; SameSite=Lax' ],
86 silly get     'cf-ray': '54ce4aa7fd76d651-MAD',
86 silly get     age: '5315',
86 silly get     'cache-control': 'public, max-age=300',
86 silly get     etag: 'W/"b893cfc0692ace8d66b12c4fb27f9f17"',
86 silly get     'last-modified': 'Thu, 21 Nov 2019 05:33:34 GMT',
86 silly get     vary: 'accept-encoding, accept',
86 silly get     'cf-cache-status': 'HIT',
86 silly get     'expect-ct': 'max-age=604800, report-uri="https://report-uri.cloudflare.com/cdn-cgi/beacon/expect-ct"',
86 silly get     server: 'cloudflare',
86 silly get     'content-encoding': 'gzip' } ]
87 verbose get saving validator to /home/sana/.npm/registry.npmjs.org/validator/.cache.json
88 silly resolveWithNewModule validator@12.1.0 checking installable status
89 silly cache add args [ 'validator@^12.1.0', null ]
90 verbose cache add spec validator@^12.1.0
91 silly cache add parsed spec Result {
91 silly cache add   raw: 'validator@^12.1.0',
91 silly cache add   scope: null,
91 silly cache add   name: 'validator',
91 silly cache add   rawSpec: '^12.1.0',
91 silly cache add   spec: '>=12.1.0 <13.0.0',
91 silly cache add   type: 'range' }
92 silly addNamed validator@>=12.1.0 <13.0.0
93 verbose addNamed ">=12.1.0 <13.0.0" is a valid semver range for validator
94 silly addNameRange { name: 'validator', range: '>=12.1.0 <13.0.0', hasData: false }
95 silly mapToRegistry name validator
96 silly mapToRegistry using default registry
97 silly mapToRegistry registry https://registry.npmjs.org/
98 silly mapToRegistry uri https://registry.npmjs.org/validator
99 verbose addNameRange registry:https://registry.npmjs.org/validator not in flight; fetching
100 verbose get https://registry.npmjs.org/validator not expired, no request
101 silly addNameRange number 2 { name: 'validator', range: '>=12.1.0 <13.0.0', hasData: true }
102 silly addNameRange versions [ 'validator',
102 silly addNameRange   [ '0.1.0',
102 silly addNameRange     '0.1.1',
102 silly addNameRange     '0.1.2',
102 silly addNameRange     '0.1.3',
102 silly addNameRange     '0.1.4',
102 silly addNameRange     '0.1.5',
102 silly addNameRange     '0.1.6',
102 silly addNameRange     '0.1.7',
102 silly addNameRange     '0.1.8',
102 silly addNameRange     '0.1.9',
102 silly addNameRange     '0.2.0',
102 silly addNameRange     '0.2.1',
102 silly addNameRange     '0.2.2',
102 silly addNameRange     '0.2.3',
102 silly addNameRange     '0.2.4',
102 silly addNameRange     '0.2.5',
102 silly addNameRange     '0.2.6',
102 silly addNameRange     '0.2.7',
102 silly addNameRange     '0.2.8',
102 silly addNameRange     '0.2.9',
102 silly addNameRange     '0.3.0',
102 silly addNameRange     '0.3.1',
102 silly addNameRange     '0.3.2',
102 silly addNameRange     '0.3.4',
102 silly addNameRange     '0.3.5',
102 silly addNameRange     '0.3.6',
102 silly addNameRange     '0.3.7',
102 silly addNameRange     '0.3.8',
102 silly addNameRange     '0.3.9',
102 silly addNameRange     '0.4.0',
102 silly addNameRange     '0.4.1',
102 silly addNameRange     '0.4.2',
102 silly addNameRange     '0.4.3',
102 silly addNameRange     '0.4.4',
102 silly addNameRange     '0.4.5',
102 silly addNameRange     '0.4.6',
102 silly addNameRange     '0.4.6-1',
102 silly addNameRange     '0.4.6-2',
102 silly addNameRange     '0.4.6-3',
102 silly addNameRange     '0.4.7',
102 silly addNameRange     '0.4.8',
102 silly addNameRange     '0.4.9',
102 silly addNameRange     '0.4.10',
102 silly addNameRange     '0.4.11',
102 silly addNameRange     '0.4.12',
102 silly addNameRange     '0.4.13',
102 silly addNameRange     '0.4.15',
102 silly addNameRange     '0.4.16',
102 silly addNameRange     '0.4.17',
102 silly addNameRange     '0.4.18',
102 silly addNameRange     '0.4.19',
102 silly addNameRange     '0.4.20',
102 silly addNameRange     '0.4.21',
102 silly addNameRange     '0.4.22',
102 silly addNameRange     '0.4.23',
102 silly addNameRange     '0.4.24',
102 silly addNameRange     '0.4.25',
102 silly addNameRange     '0.4.27',
102 silly addNameRange     '0.4.28',
102 silly addNameRange     '0.5.0',
102 silly addNameRange     '1.0.0',
102 silly addNameRange     '1.1.0',
102 silly addNameRange     '1.1.1',
102 silly addNameRange     '1.1.2',
102 silly addNameRange     '1.1.3',
102 silly addNameRange     '1.2.0',
102 silly addNameRange     '1.2.1',
102 silly addNameRange     '1.2.2',
102 silly addNameRange     '1.3.0',
102 silly addNameRange     '1.4.0',
102 silly addNameRange     '1.5.0',
102 silly addNameRange     '1.5.1',
102 silly addNameRange     '2.0.0',
102 silly addNameRange     '2.1.0',
102 silly addNameRange     '3.0.0',
102 silly addNameRange     '3.1.0',
102 silly addNameRange     '3.2.0',
102 silly addNameRange     '3.2.1',
102 silly addNameRange     '3.3.0',
102 silly addNameRange     '3.4.0',
102 silly addNameRange     '3.5.0',
102 silly addNameRange     '3.5.1',
102 silly addNameRange     '3.6.0',
102 silly addNameRange     '3.7.0',
102 silly addNameRange     '3.8.0',
102 silly addNameRange     '3.9.0',
102 silly addNameRange     '3.10.0',
102 silly addNameRange     '3.11.0',
102 silly addNameRange     '3.11.1',
102 silly addNameRange     '3.11.2',
102 silly addNameRange     '3.12.0',
102 silly addNameRange     '3.13.0',
102 silly addNameRange     '3.14.0',
102 silly addNameRange     '3.14.1',
102 silly addNameRange     '3.15.0',
102 silly addNameRange     '3.16.0',
102 silly addNameRange     '3.16.1',
102 silly addNameRange     '3.17.0',
102 silly addNameRange     '3.17.1',
102 silly addNameRange     '3.17.2',
102 silly addNameRange     ... 98 more items ] ]
103 silly addNamed validator@12.1.0
104 verbose addNamed "12.1.0" is a plain semver version for validator
105 silly mapToRegistry name validator
106 silly mapToRegistry using default registry
107 silly mapToRegistry registry https://registry.npmjs.org/
108 silly mapToRegistry uri https://registry.npmjs.org/validator
109 verbose addRemoteTarball https://registry.npmjs.org/validator/-/validator-12.1.0.tgz not in flight; adding
110 verbose addRemoteTarball [ 'https://registry.npmjs.org/validator/-/validator-12.1.0.tgz',
110 verbose addRemoteTarball   'a3a7315d5238cbc15e46ad8d5e479aafa7119925' ]
111 info retry fetch attempt 1 at 20:48:28
112 info attempt registry request try #1 at 20:48:28
113 http fetch GET https://registry.npmjs.org/validator/-/validator-12.1.0.tgz
114 http 200 https://registry.npmjs.org/socket.io
115 verbose headers { date: 'Sun, 29 Dec 2019 19:48:28 GMT',
115 verbose headers   'content-type': 'application/json',
115 verbose headers   'transfer-encoding': 'chunked',
115 verbose headers   connection: 'keep-alive',
115 verbose headers   'set-cookie':
115 verbose headers    [ '__cfduid=d54d7040d9e0fdfbc2528f53825303a3e1577648907; expires=Tue, 28-Jan-20 19:48:27 GMT; path=/; domain=.npmjs.org; HttpOnly; SameSite=Lax' ],
115 verbose headers   'cf-ray': '54ce4aa7e93bc67f-MAD',
115 verbose headers   'cache-control': 'public, max-age=300',
115 verbose headers   etag: 'W/"2e79f1a03aedf8f7312bd840d6c5ba16"',
115 verbose headers   'last-modified': 'Fri, 20 Sep 2019 10:24:10 GMT',
115 verbose headers   vary: 'accept-encoding, accept',
115 verbose headers   'cf-cache-status': 'EXPIRED',
115 verbose headers   'expect-ct': 'max-age=604800, report-uri="https://report-uri.cloudflare.com/cdn-cgi/beacon/expect-ct"',
115 verbose headers   server: 'cloudflare',
115 verbose headers   'content-encoding': 'gzip' }
116 silly get cb [ 200,
116 silly get   { date: 'Sun, 29 Dec 2019 19:48:28 GMT',
116 silly get     'content-type': 'application/json',
116 silly get     'transfer-encoding': 'chunked',
116 silly get     connection: 'keep-alive',
116 silly get     'set-cookie':
116 silly get      [ '__cfduid=d54d7040d9e0fdfbc2528f53825303a3e1577648907; expires=Tue, 28-Jan-20 19:48:27 GMT; path=/; domain=.npmjs.org; HttpOnly; SameSite=Lax' ],
116 silly get     'cf-ray': '54ce4aa7e93bc67f-MAD',
116 silly get     'cache-control': 'public, max-age=300',
116 silly get     etag: 'W/"2e79f1a03aedf8f7312bd840d6c5ba16"',
116 silly get     'last-modified': 'Fri, 20 Sep 2019 10:24:10 GMT',
116 silly get     vary: 'accept-encoding, accept',
116 silly get     'cf-cache-status': 'EXPIRED',
116 silly get     'expect-ct': 'max-age=604800, report-uri="https://report-uri.cloudflare.com/cdn-cgi/beacon/expect-ct"',
116 silly get     server: 'cloudflare',
116 silly get     'content-encoding': 'gzip' } ]
117 verbose get saving socket.io to /home/sana/.npm/registry.npmjs.org/socket.io/.cache.json
118 silly fetchPackageMetaData Error: No compatible version found: socket.io@^0.0.1
118 silly fetchPackageMetaData Valid install targets:
118 silly fetchPackageMetaData 2.3.0, 2.2.0, 2.1.1, 2.1.0, 2.0.4, 2.0.3, 2.0.2, 2.0.1, 2.0.0, 1.7.4, 1.7.3, 1.7.2, 1.7.1, 1.7.0, 1.6.0, 1.5.1, 1.5.0, 1.4.8, 1.4.7, 1.4.6, 1.4.5, 1.4.4, 1.4.3, 1.4.2, 1.4.1, 1.4.0, 1.3.7, 1.3.6, 1.3.5, 1.3.4, 1.3.3, 1.3.2, 1.3.1, 1.3.0, 1.2.1, 1.2.0, 1.1.0, 1.0.6, 1.0.5, 1.0.4, 1.0.3, 1.0.2, 1.0.1, 1.0.0, 1.0.0-pre5, 1.0.0-pre4, 1.0.0-pre3, 1.0.0-pre2, 1.0.0-pre, 0.9.19, 0.9.18, 0.9.17, 0.9.16, 0.9.15, 0.9.14, 0.9.13, 0.9.12, 0.9.11, 0.9.10, 0.9.9, 0.9.8, 0.9.7, 0.9.6, 0.9.5, 0.9.4, 0.9.3, 0.9.2, 0.9.1, 0.9.1-1, 0.9.0, 0.8.7, 0.8.6, 0.8.5, 0.8.4, 0.8.3, 0.8.2, 0.8.1, 0.8.0, 0.7.11, 0.7.10, 0.7.9, 0.7.8, 0.7.7, 0.7.6, 0.7.5, 0.7.4, 0.7.3, 0.7.2, 0.7.1, 0.7.0, 0.6.18, 0.6.17, 0.6.16, 0.6.15, 0.6.14, 0.6.12, 0.6.11, 0.6.10, 0.6.9, 0.6.8, 0.6.7, 0.6.6, 0.6.5, 0.6.4, 0.6.3, 0.6.1, 0.6.0, 0.5.3, 0.5.1, 0.4.1, 0.4.0, 0.3.8
118 silly fetchPackageMetaData
118 silly fetchPackageMetaData     at pickVersionFromRegistryDocument (/usr/share/npm/lib/fetch-package-metadata.js:156:16)
118 silly fetchPackageMetaData     at /usr/share/npm/node_modules/iferr/index.js:13:50
118 silly fetchPackageMetaData     at /usr/share/npm/lib/utils/pulse-till-done.js:19:8
118 silly fetchPackageMetaData     at saved (/usr/share/npm/lib/cache/caching-client.js:168:7)
118 silly fetchPackageMetaData     at /usr/share/npm/node_modules/graceful-fs/polyfills.js:210:7
118 silly fetchPackageMetaData     at FSReqWrap.oncomplete (fs.js:135:15)
118 silly fetchPackageMetaData  error for socket.io@^0.0.1 Error: No compatible version found: socket.io@^0.0.1
118 silly fetchPackageMetaData Valid install targets:
118 silly fetchPackageMetaData 2.3.0, 2.2.0, 2.1.1, 2.1.0, 2.0.4, 2.0.3, 2.0.2, 2.0.1, 2.0.0, 1.7.4, 1.7.3, 1.7.2, 1.7.1, 1.7.0, 1.6.0, 1.5.1, 1.5.0, 1.4.8, 1.4.7, 1.4.6, 1.4.5, 1.4.4, 1.4.3, 1.4.2, 1.4.1, 1.4.0, 1.3.7, 1.3.6, 1.3.5, 1.3.4, 1.3.3, 1.3.2, 1.3.1, 1.3.0, 1.2.1, 1.2.0, 1.1.0, 1.0.6, 1.0.5, 1.0.4, 1.0.3, 1.0.2, 1.0.1, 1.0.0, 1.0.0-pre5, 1.0.0-pre4, 1.0.0-pre3, 1.0.0-pre2, 1.0.0-pre, 0.9.19, 0.9.18, 0.9.17, 0.9.16, 0.9.15, 0.9.14, 0.9.13, 0.9.12, 0.9.11, 0.9.10, 0.9.9, 0.9.8, 0.9.7, 0.9.6, 0.9.5, 0.9.4, 0.9.3, 0.9.2, 0.9.1, 0.9.1-1, 0.9.0, 0.8.7, 0.8.6, 0.8.5, 0.8.4, 0.8.3, 0.8.2, 0.8.1, 0.8.0, 0.7.11, 0.7.10, 0.7.9, 0.7.8, 0.7.7, 0.7.6, 0.7.5, 0.7.4, 0.7.3, 0.7.2, 0.7.1, 0.7.0, 0.6.18, 0.6.17, 0.6.16, 0.6.15, 0.6.14, 0.6.12, 0.6.11, 0.6.10, 0.6.9, 0.6.8, 0.6.7, 0.6.6, 0.6.5, 0.6.4, 0.6.3, 0.6.1, 0.6.0, 0.5.3, 0.5.1, 0.4.1, 0.4.0, 0.3.8
118 silly fetchPackageMetaData
118 silly fetchPackageMetaData     at pickVersionFromRegistryDocument (/usr/share/npm/lib/fetch-package-metadata.js:156:16)
118 silly fetchPackageMetaData     at /usr/share/npm/node_modules/iferr/index.js:13:50
118 silly fetchPackageMetaData     at /usr/share/npm/lib/utils/pulse-till-done.js:19:8
118 silly fetchPackageMetaData     at saved (/usr/share/npm/lib/cache/caching-client.js:168:7)
118 silly fetchPackageMetaData     at /usr/share/npm/node_modules/graceful-fs/polyfills.js:210:7
118 silly fetchPackageMetaData     at FSReqWrap.oncomplete (fs.js:135:15)
119 http fetch 200 https://registry.npmjs.org/validator/-/validator-12.1.0.tgz
120 silly fetchAndShaCheck shasum a3a7315d5238cbc15e46ad8d5e479aafa7119925
121 verbose addTmpTarball /tmp/npm-12151-02d1bb8d/registry.npmjs.org/validator/-/validator-12.1.0.tgz not in flight; adding
122 verbose addTmpTarball already have metadata; skipping unpack for validator@12.1.0
123 silly cache afterAdd validator@12.1.0
124 verbose afterAdd /home/sana/.npm/validator/12.1.0/package/package.json not in flight; writing
125 verbose afterAdd /home/sana/.npm/validator/12.1.0/package/package.json written
126 silly rollbackFailedOptional Starting
127 silly rollbackFailedOptional Finishing
128 silly runTopLevelLifecycles Starting
129 silly runTopLevelLifecycles Finishing
130 silly install printInstalled
131 verbose stack Error: No compatible version found: socket.io@^0.0.1
131 verbose stack Valid install targets:
131 verbose stack 2.3.0, 2.2.0, 2.1.1, 2.1.0, 2.0.4, 2.0.3, 2.0.2, 2.0.1, 2.0.0, 1.7.4, 1.7.3, 1.7.2, 1.7.1, 1.7.0, 1.6.0, 1.5.1, 1.5.0, 1.4.8, 1.4.7, 1.4.6, 1.4.5, 1.4.4, 1.4.3, 1.4.2, 1.4.1, 1.4.0, 1.3.7, 1.3.6, 1.3.5, 1.3.4, 1.3.3, 1.3.2, 1.3.1, 1.3.0, 1.2.1, 1.2.0, 1.1.0, 1.0.6, 1.0.5, 1.0.4, 1.0.3, 1.0.2, 1.0.1, 1.0.0, 1.0.0-pre5, 1.0.0-pre4, 1.0.0-pre3, 1.0.0-pre2, 1.0.0-pre, 0.9.19, 0.9.18, 0.9.17, 0.9.16, 0.9.15, 0.9.14, 0.9.13, 0.9.12, 0.9.11, 0.9.10, 0.9.9, 0.9.8, 0.9.7, 0.9.6, 0.9.5, 0.9.4, 0.9.3, 0.9.2, 0.9.1, 0.9.1-1, 0.9.0, 0.8.7, 0.8.6, 0.8.5, 0.8.4, 0.8.3, 0.8.2, 0.8.1, 0.8.0, 0.7.11, 0.7.10, 0.7.9, 0.7.8, 0.7.7, 0.7.6, 0.7.5, 0.7.4, 0.7.3, 0.7.2, 0.7.1, 0.7.0, 0.6.18, 0.6.17, 0.6.16, 0.6.15, 0.6.14, 0.6.12, 0.6.11, 0.6.10, 0.6.9, 0.6.8, 0.6.7, 0.6.6, 0.6.5, 0.6.4, 0.6.3, 0.6.1, 0.6.0, 0.5.3, 0.5.1, 0.4.1, 0.4.0, 0.3.8
131 verbose stack
131 verbose stack     at pickVersionFromRegistryDocument (/usr/share/npm/lib/fetch-package-metadata.js:156:16)
131 verbose stack     at /usr/share/npm/node_modules/iferr/index.js:13:50
131 verbose stack     at /usr/share/npm/lib/utils/pulse-till-done.js:19:8
131 verbose stack     at saved (/usr/share/npm/lib/cache/caching-client.js:168:7)
131 verbose stack     at /usr/share/npm/node_modules/graceful-fs/polyfills.js:210:7
131 verbose stack     at FSReqWrap.oncomplete (fs.js:135:15)
132 verbose cwd /home/sana/gestion_scolarite
133 error Linux 5.0.0-37-generic
134 error argv "/usr/bin/node" "/usr/bin/npm" "install"
135 error node v8.10.0
136 error npm  v3.5.2
137 error No compatible version found: socket.io@^0.0.1
137 error Valid install targets:
137 error 2.3.0, 2.2.0, 2.1.1, 2.1.0, 2.0.4, 2.0.3, 2.0.2, 2.0.1, 2.0.0, 1.7.4, 1.7.3, 1.7.2, 1.7.1, 1.7.0, 1.6.0, 1.5.1, 1.5.0, 1.4.8, 1.4.7, 1.4.6, 1.4.5, 1.4.4, 1.4.3, 1.4.2, 1.4.1, 1.4.0, 1.3.7, 1.3.6, 1.3.5, 1.3.4, 1.3.3, 1.3.2, 1.3.1, 1.3.0, 1.2.1, 1.2.0, 1.1.0, 1.0.6, 1.0.5, 1.0.4, 1.0.3, 1.0.2, 1.0.1, 1.0.0, 1.0.0-pre5, 1.0.0-pre4, 1.0.0-pre3, 1.0.0-pre2, 1.0.0-pre, 0.9.19, 0.9.18, 0.9.17, 0.9.16, 0.9.15, 0.9.14, 0.9.13, 0.9.12, 0.9.11, 0.9.10, 0.9.9, 0.9.8, 0.9.7, 0.9.6, 0.9.5, 0.9.4, 0.9.3, 0.9.2, 0.9.1, 0.9.1-1, 0.9.0, 0.8.7, 0.8.6, 0.8.5, 0.8.4, 0.8.3, 0.8.2, 0.8.1, 0.8.0, 0.7.11, 0.7.10, 0.7.9, 0.7.8, 0.7.7, 0.7.6, 0.7.5, 0.7.4, 0.7.3, 0.7.2, 0.7.1, 0.7.0, 0.6.18, 0.6.17, 0.6.16, 0.6.15, 0.6.14, 0.6.12, 0.6.11, 0.6.10, 0.6.9, 0.6.8, 0.6.7, 0.6.6, 0.6.5, 0.6.4, 0.6.3, 0.6.1, 0.6.0, 0.5.3, 0.5.1, 0.4.1, 0.4.0, 0.3.8
138 error If you need help, you may report this error at:
138 error     <https://github.com/npm/npm/issues>
139 verbose exit [ 1, true ]
